<?xml version="1.0" encoding="UTF-8"?>
<!-- Generated by org.testng.reporters.JUnitXMLReporter -->
<testsuite ignored="6" hostname="DESKTOP-RB81OP1" failures="0" tests="6" name="GRP-bvt" time="0.079" errors="0" timestamp="2021-06-17T12:16:40 IST">
  <testcase classname="ui.BeforeAfterClass2" name="cTest" time="0.008"/>
  <testcase classname="ui.BeforeAfterClass2" name="dTest" time="0.001"/>
  <testcase classname="ui.BeforeAfterClass" name="cTest" time="0.001"/>
  <testcase classname="ui.BeforeAfterClass" name="dTest" time="0.002"/>
  <testcase classname="ui.GroupDemo" name="dTest" time="0.001"/>
  <testcase classname="ui.GroupDemo" name="cTest" time="0.002"/>
  <testcase classname="ui.BeforeAfterClass2" name="bTest" time="0.0">
    <ignored/>
  </testcase> <!-- bTest -->
  <testcase classname="ui.BeforeAfterClass" name="bTest" time="0.0">
    <ignored/>
  </testcase> <!-- bTest -->
  <testcase classname="ui.GroupDemo" name="bTest" time="0.0">
    <ignored/>
  </testcase> <!-- bTest -->
  <testcase classname="ui.GroupDemo" name="aTest" time="0.0">
    <ignored/>
  </testcase> <!-- aTest -->
  <testcase classname="ui.BeforeAfterClass2" name="aTest" time="0.0">
    <ignored/>
  </testcase> <!-- aTest -->
  <testcase classname="ui.BeforeAfterClass" name="aTest" time="0.0">
    <ignored/>
  </testcase> <!-- aTest -->
</testsuite> <!-- GRP-bvt -->
