<?xml version="1.0" encoding="UTF-8"?>
<!-- Generated by org.testng.reporters.JUnitXMLReporter -->
<testsuite ignored="2" hostname="DESKTOP-RB81OP1" failures="0" tests="6" name="GRP-regression" time="0.068" errors="0" timestamp="2021-06-17T16:21:15 IST">
  <testcase classname="ui.BeforeAfterClass" name="cTest" time="0.007"/>
  <testcase classname="ui.BeforeAfterClass" name="aTest" time="0.002"/>
  <testcase classname="ui.BeforeAfterClass" name="bTest" time="0.001"/>
  <testcase classname="ui.GroupDemo" name="aTest" time="0.001"/>
  <testcase classname="ui.GroupDemo" name="bTest" time="0.002"/>
  <testcase classname="ui.GroupDemo" name="cTest" time="0.001"/>
  <testcase classname="ui.GroupDemo" name="dTest" time="0.0">
    <ignored/>
  </testcase> <!-- dTest -->
  <testcase classname="ui.BeforeAfterClass" name="dTest" time="0.0">
    <ignored/>
  </testcase> <!-- dTest -->
</testsuite> <!-- GRP-regression -->
