<?xml version="1.0" encoding="UTF-8"?>
<!-- Generated by org.testng.reporters.JUnitXMLReporter -->
<testsuite ignored="0" hostname="DESKTOP-RB81OP1" failures="1" tests="4" name="functional testng" time="0.09" errors="0" timestamp="2021-05-21T13:26:01 IST">
  <testcase classname="ui.BeforeAfterClass" name="cTest" time="0.006"/>
  <testcase classname="ui.BeforeAfterClass" name="dTest" time="0.002"/>
  <testcase classname="ui.BeforeAfterClass" name="aTest" time="0.002"/>
  <testcase classname="ui.BeforeAfterClass" name="bTest" time="0.026">
    <failure type="java.lang.AssertionError" message="expected [true] but found [false]">
      <![CDATA[java.lang.AssertionError: expected [true] but found [false]
at ui.BeforeAfterClass.bTest(BeforeAfterClass.java:48)
at java.base/java.util.ArrayList.forEach(ArrayList.java:1511)
... Removed 31 stack frames]]>
    </failure>
  </testcase> <!-- bTest -->
</testsuite> <!-- functional testng -->
