<?xml version="1.0" encoding="UTF-8"?>
<!-- Generated by org.testng.reporters.JUnitXMLReporter -->
<testsuite ignored="0" hostname="DESKTOP-RB81OP1" failures="0" tests="4" name="Test Before Suite and After Suite" time="0.069" errors="0" timestamp="2021-06-17T16:32:16 IST">
  <testcase classname="ui.BeforeAfterClass2" name="cTest" time="0.009"/>
  <testcase classname="ui.BeforeAfterClass2" name="dTest" time="0.002"/>
  <testcase classname="ui.BeforeAfterClass2" name="aTest" time="0.003"/>
  <testcase classname="ui.BeforeAfterClass2" name="bTest" time="0.006"/>
</testsuite> <!-- Test Before Suite and After Suite -->
