<?xml version="1.0" encoding="UTF-8"?>
<!-- Generated by org.testng.reporters.JUnitXMLReporter -->
<testsuite ignored="0" hostname="DESKTOP-RB81OP1" failures="0" tests="7" name="Functional Testing" time="6.276" errors="0" timestamp="2021-05-19T13:38:13 IST">
  <testcase classname="ui.Login" name="bTest" time="0.002"/>
  <testcase classname="ui.Login" name="aTest" time="0.002"/>
  <testcase classname="ui.VerifyTitleTest" name="TitleTest" time="6.241"/>
  <testcase classname="ui.GroupDemo" name="dTest" time="0.003"/>
  <testcase classname="ui.GroupDemo" name="aTest" time="0.001"/>
  <testcase classname="ui.GroupDemo" name="bTest" time="0.004"/>
  <testcase classname="ui.GroupDemo" name="cTest" time="0.002"/>
</testsuite> <!-- Functional Testing -->
